<?xml version="1.0" encoding="UTF-8" ?>
<testsuite tests="42" failures="0" name="com.chieffu.pocker.blackjack.BlackjackTest" time="0.102" errors="0" skipped="0">
  <properties>
[...]
</properties>
  <testcase classname="com.chieffu.pocker.blackjack.BlackjackTest" name="testXWinRate" time="0.003"/>
  <testcase classname="com.chieffu.pocker.blackjack.BlackjackTest" name="testCheckThreeOfKind" time="0"/>
  <testcase classname="com.chieffu.pocker.blackjack.BlackjackTest" name="testDot" time="0"/>
  <testcase classname="com.chieffu.pocker.blackjack.BlackjackTest" name="testXWinExpectation" time="0"/>
  <testcase classname="com.chieffu.pocker.blackjack.BlackjackTest" name="testGetPk" time="0"/>
  <testcase classname="com.chieffu.pocker.blackjack.BlackjackTest" name="testCheckPureThree" time="0"/>
  <testcase classname="com.chieffu.pocker.blackjack.BlackjackTest" name="testLuckyQueenExpectation" time="0"/>
  <testcase classname="com.chieffu.pocker.blackjack.BlackjackTest" name="testBags" time="0"/>
  <testcase classname="com.chieffu.pocker.blackjack.BlackjackTest" name="testDots" time="0.001"/>
  <testcase classname="com.chieffu.pocker.blackjack.BlackjackTest" name="testTestRemovePocker" time="0"/>
  <testcase classname="com.chieffu.pocker.blackjack.BlackjackTest" name="testDotsOfPocker" time="0"/>
  <testcase classname="com.chieffu.pocker.blackjack.BlackjackTest" name="testP1" time="0"/>
  <testcase classname="com.chieffu.pocker.blackjack.BlackjackTest" name="testP2" time="0.001"/>
  <testcase classname="com.chieffu.pocker.blackjack.BlackjackTest" name="testP3" time="0"/>
  <testcase classname="com.chieffu.pocker.blackjack.BlackjackTest" name="testZ2" time="0"/>
  <testcase classname="com.chieffu.pocker.blackjack.BlackjackTest" name="testPairExpectation" time="0"/>
  <testcase classname="com.chieffu.pocker.blackjack.BlackjackTest" name="testTestDots" time="0"/>
  <testcase classname="com.chieffu.pocker.blackjack.BlackjackTest" name="testTestCountPai1" time="0"/>
  <testcase classname="com.chieffu.pocker.blackjack.BlackjackTest" name="testTestCountPai2" time="0"/>
  <testcase classname="com.chieffu.pocker.blackjack.BlackjackTest" name="testHotThreeExpectation" time="0"/>
  <testcase classname="com.chieffu.pocker.blackjack.BlackjackTest" name="testCheckFlush3" time="0"/>
  <testcase classname="com.chieffu.pocker.blackjack.BlackjackTest" name="testRemovePocker" time="0.001"/>
  <testcase classname="com.chieffu.pocker.blackjack.BlackjackTest" name="testC" time="0.09"/>
  <testcase classname="com.chieffu.pocker.blackjack.BlackjackTest" name="testP" time="0"/>
  <testcase classname="com.chieffu.pocker.blackjack.BlackjackTest" name="testCheckStraight3" time="0"/>
  <testcase classname="com.chieffu.pocker.blackjack.BlackjackTest" name="testIsStraight" time="0.006"/>
  <testcase classname="com.chieffu.pocker.blackjack.BlackjackTest" name="testLuckThreeExpectation" time="0"/>
  <testcase classname="com.chieffu.pocker.blackjack.BlackjackTest" name="testCountPai" time="0"/>
  <testcase classname="com.chieffu.pocker.blackjack.BlackjackTest" name="testCheckFlush20Of2Rate" time="0"/>
  <testcase classname="com.chieffu.pocker.blackjack.BlackjackTest" name="testRZNotBloom" time="0"/>
  <testcase classname="com.chieffu.pocker.blackjack.BlackjackTest" name="testCheckPair" time="0"/>
  <testcase classname="com.chieffu.pocker.blackjack.BlackjackTest" name="testCheckStraightFlush3" time="0"/>
  <testcase classname="com.chieffu.pocker.blackjack.BlackjackTest" name="testGetPai" time="0"/>
  <testcase classname="com.chieffu.pocker.blackjack.BlackjackTest" name="testTestCountPai" time="0"/>
  <testcase classname="com.chieffu.pocker.blackjack.BlackjackTest" name="testGroups" time="0"/>
  <testcase classname="com.chieffu.pocker.blackjack.BlackjackTest" name="testRBjWin" time="0"/>
  <testcase classname="com.chieffu.pocker.blackjack.BlackjackTest" name="testBloomExpectation" time="0"/>
  <testcase classname="com.chieffu.pocker.blackjack.BlackjackTest" name="testIsFlush" time="0"/>
  <testcase classname="com.chieffu.pocker.blackjack.BlackjackTest" name="testCheckPurePair" time="0"/>
  <testcase classname="com.chieffu.pocker.blackjack.BlackjackTest" name="testIsBlackjack" time="0"/>
  <testcase classname="com.chieffu.pocker.blackjack.BlackjackTest" name="testIsOneOfKind" time="0"/>
  <testcase classname="com.chieffu.pocker.blackjack.BlackjackTest" name="testCheckFlush21Of3Rate" time="0"/>
</testsuite>